<?xml version="1.0" encoding="UTF-8"?>
<testng-results ignored="0" total="1" passed="1" failed="0" skipped="0">
  <reporter-output>
  </reporter-output>
  <suite started-at="2024-01-02T15:40:09 IST" name="Default suite" finished-at="2024-01-02T15:41:24 IST" duration-ms="74326">
    <groups>
    </groups>
    <test started-at="2024-01-02T15:40:09 IST" name="Default test" finished-at="2024-01-02T15:41:24 IST" duration-ms="74326">
      <class name="mainClass.MainClass">
        <test-method is-config="true" signature="openchrome()[pri:0, instance:mainClass.MainClass@4201c465]" started-at="2024-01-02T15:40:09 IST" name="openchrome" finished-at="2024-01-02T15:40:15 IST" duration-ms="5552" status="PASS">
          <reporter-output>
          </reporter-output>
        </test-method> <!-- openchrome -->
        <test-method signature="login()[pri:1, instance:mainClass.MainClass@4201c465]" started-at="2024-01-02T15:40:15 IST" name="login" finished-at="2024-01-02T15:41:24 IST" duration-ms="68717" status="PASS">
          <reporter-output>
          </reporter-output>
        </test-method> <!-- login -->
        <test-method is-config="true" signature="closebrowser()[pri:0, instance:mainClass.MainClass@4201c465]" started-at="2024-01-02T15:41:24 IST" name="closebrowser" finished-at="2024-01-02T15:41:24 IST" duration-ms="0" status="PASS">
          <reporter-output>
          </reporter-output>
        </test-method> <!-- closebrowser -->
      </class> <!-- mainClass.MainClass -->
    </test> <!-- Default test -->
  </suite> <!-- Default suite -->
</testng-results>
